<?xml version="1.0" encoding="UTF-8"?>
<testsuite xmlns:xsi="http://www.w3.org/2001/XMLSchema-instance" xsi:noNamespaceSchemaLocation="https://maven.apache.org/surefire/maven-surefire-plugin/xsd/surefire-test-report-3.0.xsd" version="3.0" name="com.dariel.batchdemo.SpringBatchDemoApplicationTests" time="1.463" tests="1" errors="0" skipped="0" failures="0">
  <properties>
[...]
</properties>
  <testcase name="customerJob_processesCsvAndWritesToDatabase" classname="com.dariel.batchdemo.SpringBatchDemoApplicationTests" time="0.538">
    <system-out><![CDATA[21:50:31.661 [main] INFO org.springframework.test.context.support.AnnotationConfigContextLoaderUtils -- Could not detect default configuration classes for test class [com.dariel.batchdemo.SpringBatchDemoApplicationTests]: SpringBatchDemoApplicationTests does not declare any static, non-private, non-final, nested classes annotated with @Configuration.
21:50:31.710 [main] INFO org.springframework.boot.test.context.SpringBootTestContextBootstrapper -- Found @SpringBootConfiguration com.dariel.batchdemo.SpringBatchDemoApplication for test class com.dariel.batchdemo.SpringBatchDemoApplicationTests

  .   ____          _            __ _ _
 /\\ / ___'_ __ _ _(_)_ __  __ _ \ \ \ \
( ( )\___ | '_ | '_| | '_ \/ _` | \ \ \ \
 \\/  ___)| |_)| | | | | || (_| |  ) ) ) )
  '  |____| .__|_| |_|_| |_\__, | / / / /
 =========|_|==============|___/=/_/_/_/
 :: Spring Boot ::                (v3.2.5)

2025-11-24T21:50:31.921+02:00  INFO 70814 --- [springbatch-demo] [           main] c.d.b.SpringBatchDemoApplicationTests    : Starting SpringBatchDemoApplicationTests using Java 17.0.10 with PID 70814 (started by jurgenroos in /Users/jurgenroos/workspace/dariel-springbatch-demo)
2025-11-24T21:50:31.922+02:00  INFO 70814 --- [springbatch-demo] [           main] c.d.b.SpringBatchDemoApplicationTests    : No active profile set, falling back to 1 default profile: "default"
2025-11-24T21:50:32.060+02:00  INFO 70814 --- [springbatch-demo] [           main] o.s.b.c.c.annotation.BatchRegistrar      : Finished Spring Batch infrastructure beans configuration in 3 ms.
2025-11-24T21:50:32.210+02:00  WARN 70814 --- [springbatch-demo] [           main] trationDelegate$BeanPostProcessorChecker : Bean 'jobRegistry' of type [org.springframework.batch.core.configuration.support.MapJobRegistry] is not eligible for getting processed by all BeanPostProcessors (for example: not eligible for auto-proxying). Is this bean getting eagerly injected into a currently created BeanPostProcessor [jobRegistryBeanPostProcessor]? Check the corresponding BeanPostProcessor declaration and its dependencies.
2025-11-24T21:50:32.257+02:00  INFO 70814 --- [springbatch-demo] [           main] com.zaxxer.hikari.HikariDataSource       : HikariPool-1 - Starting...
2025-11-24T21:50:32.351+02:00  INFO 70814 --- [springbatch-demo] [           main] com.zaxxer.hikari.pool.HikariPool        : HikariPool-1 - Added connection conn0: url=jdbc:h2:mem:batchdemo user=SA
2025-11-24T21:50:32.352+02:00  INFO 70814 --- [springbatch-demo] [           main] com.zaxxer.hikari.HikariDataSource       : HikariPool-1 - Start completed.
2025-11-24T21:50:32.392+02:00  INFO 70814 --- [springbatch-demo] [           main] o.s.b.c.r.s.JobRepositoryFactoryBean     : No database type set, using meta data indicating: H2
2025-11-24T21:50:32.429+02:00  INFO 70814 --- [springbatch-demo] [           main] .c.a.BatchObservabilityBeanPostProcessor : No Micrometer observation registry found, defaulting to ObservationRegistry.NOOP
2025-11-24T21:50:32.432+02:00  INFO 70814 --- [springbatch-demo] [           main] .c.a.BatchObservabilityBeanPostProcessor : No Micrometer observation registry found, defaulting to ObservationRegistry.NOOP
2025-11-24T21:50:32.433+02:00  INFO 70814 --- [springbatch-demo] [           main] o.s.b.c.l.support.SimpleJobLauncher      : No TaskExecutor has been set, defaulting to synchronous executor.
2025-11-24T21:50:32.486+02:00  INFO 70814 --- [springbatch-demo] [           main] c.d.b.SpringBatchDemoApplicationTests    : Started SpringBatchDemoApplicationTests in 0.709 seconds (process running for 1.169)
2025-11-24T21:50:32.940+02:00  INFO 70814 --- [springbatch-demo] [           main] o.s.b.c.l.support.SimpleJobLauncher      : Job: [SimpleJob: [name=customerJob]] launched with the following parameters: [{'timestamp':'{value=1764013832919, type=class java.lang.Long, identifying=true}'}]
2025-11-24T21:50:32.953+02:00  INFO 70814 --- [springbatch-demo] [           main] o.s.batch.core.job.SimpleStepHandler     : Executing step: [processStep]
2025-11-24T21:50:32.957+02:00  INFO 70814 --- [springbatch-demo] [           main] c.d.b.monitoring.ChunkLoggingListener    : [processStep] Starting chunk #1
2025-11-24T21:50:32.986+02:00  INFO 70814 --- [springbatch-demo] [           main] c.d.b.monitoring.ChunkLoggingListener    : [processStep] Completed chunk #1 | read=15, written=13, skipped=0
2025-11-24T21:50:32.987+02:00  INFO 70814 --- [springbatch-demo] [           main] o.s.batch.core.step.AbstractStep         : Step: [processStep] executed in 34ms
2025-11-24T21:50:32.991+02:00  INFO 70814 --- [springbatch-demo] [           main] o.s.b.c.l.support.SimpleJobLauncher      : Job: [SimpleJob: [name=customerJob]] completed with the following parameters: [{'timestamp':'{value=1764013832919, type=class java.lang.Long, identifying=true}'}] and the following status: [COMPLETED] in 43ms
]]></system-out>
  </testcase>
</testsuite>